2025-10-15 21:59:02,847 - aiosend.client - INFO - Authorized as 'Tender Phoenix App' id=49365 on TESTNET
2025-10-15 21:59:02,848 - __main__ - INFO - CryptoBotService \u0443\u0441\u043f\u0435\u0448\u043d\u043e \u0438\u043d\u0438\u0446\u0438\u0430\u043b\u0438\u0437\u0438\u0440\u043e\u0432\u0430\u043d
2025-10-15 21:59:02,848 - __main__ - ERROR - \u041a\u0440\u0438\u0442\u0438\u0447\u0435\u0441\u043a\u0430\u044f \u043e\u0448\u0438\u0431\u043a\u0430 \u0432 main: 'NoneType' object has no attribute 'service'
2025-10-15 22:00:56,578 - aiosend.client - INFO - Authorized as 'Tender Phoenix App' id=49365 on TESTNET
2025-10-15 22:00:56,578 - __main__ - INFO - CryptoBotService \u0443\u0441\u043f\u0435\u0448\u043d\u043e \u0438\u043d\u0438\u0446\u0438\u0430\u043b\u0438\u0437\u0438\u0440\u043e\u0432\u0430\u043d
2025-10-15 22:00:56,578 - __main__ - INFO - \u0417\u0430\u043f\u0443\u0441\u043a polling \u0434\u043b\u044f \u0431\u043e\u0442\u0430 \u0438 CryptoBotService
2025-10-15 22:00:56,578 - aiogram.dispatcher - INFO - Start polling
2025-10-15 22:00:56,578 - aiosend.polling - INFO - Start polling
2025-10-15 22:00:56,764 - aiogram.dispatcher - INFO - Run polling for bot @homyakadventbot id=8409235214 - 'Homyak Advent'
2025-10-15 22:01:34,580 - aiogram.dispatcher - INFO - Polling stopped
2025-10-15 22:01:34,581 - aiogram.dispatcher - ERROR - Failed to fetch updates - TelegramNetworkError: HTTP Client says - ServerDisconnectedError: Server disconnected
2025-10-15 22:01:34,581 - aiogram.dispatcher - WARNING - Sleep for 1.000000 seconds and try again... (tryings = 0, bot id = 8409235214)
2025-10-15 22:01:34,832 - aiogram.dispatcher - INFO - Polling stopped for bot @homyakadventbot id=8409235214 - 'Homyak Advent'
2025-10-15 22:01:47,130 - aiosend.client - INFO - Authorized as 'Tender Phoenix App' id=49365 on TESTNET
2025-10-15 22:01:47,130 - __main__ - INFO - CryptoBotService \u0443\u0441\u043f\u0435\u0448\u043d\u043e \u0438\u043d\u0438\u0446\u0438\u0430\u043b\u0438\u0437\u0438\u0440\u043e\u0432\u0430\u043d
2025-10-15 22:01:47,130 - __main__ - INFO - \u0417\u0430\u043f\u0443\u0441\u043a polling \u0434\u043b\u044f \u0431\u043e\u0442\u0430 \u0438 CryptoBotService
2025-10-15 22:01:47,131 - aiogram.dispatcher - INFO - Start polling
2025-10-15 22:01:47,131 - aiosend.polling - INFO - Start polling
2025-10-15 22:01:47,288 - aiogram.dispatcher - INFO - Run polling for bot @homyakadventbot id=8409235214 - 'Homyak Advent'
2025-10-15 22:02:04,007 - aiogram.event - INFO - Update id=345279784 is handled. Duration 766 ms by bot id=8409235214
2025-10-15 22:02:11,453 - aiogram.event - INFO - Update id=345279785 is handled. Duration 187 ms by bot id=8409235214
2025-10-15 22:02:12,792 - aiogram.event - INFO - Update id=345279786 is handled. Duration 203 ms by bot id=8409235214
2025-10-15 22:02:13,647 - bot.handlers.premium - ERROR - CryptoBot \u043e\u0448\u0438\u0431\u043a\u0430: cannot import name 'crypto_service' from 'bot.main' (C:\vazjnoe\alt\homyak\bot\main.py)
2025-10-15 22:02:13,715 - aiogram.event - INFO - Update id=345279787 is handled. Duration 62 ms by bot id=8409235214
2025-10-15 22:05:49,189 - aiogram.dispatcher - INFO - Polling stopped
2025-10-15 22:05:49,190 - aiogram.dispatcher - ERROR - Failed to fetch updates - TelegramNetworkError: HTTP Client says - ServerDisconnectedError: Server disconnected
2025-10-15 22:05:49,190 - aiogram.dispatcher - WARNING - Sleep for 1.000000 seconds and try again... (tryings = 0, bot id = 8409235214)
2025-10-15 22:05:49,441 - aiogram.dispatcher - INFO - Polling stopped for bot @homyakadventbot id=8409235214 - 'Homyak Advent'
2025-10-15 22:06:02,489 - aiosend.client - INFO - Authorized as 'Tender Phoenix App' id=49365 on TESTNET
2025-10-15 22:06:02,490 - __main__ - INFO - CryptoBotService \u0443\u0441\u043f\u0435\u0448\u043d\u043e \u0438\u043d\u0438\u0446\u0438\u0430\u043b\u0438\u0437\u0438\u0440\u043e\u0432\u0430\u043d
2025-10-15 22:06:02,490 - __main__ - INFO - \u0417\u0430\u043f\u0443\u0441\u043a polling \u0434\u043b\u044f \u0431\u043e\u0442\u0430 \u0438 CryptoBotService
2025-10-15 22:06:02,490 - aiogram.dispatcher - INFO - Start polling
2025-10-15 22:06:02,491 - aiosend.polling - INFO - Start polling
2025-10-15 22:06:02,671 - aiogram.dispatcher - INFO - Run polling for bot @homyakadventbot id=8409235214 - 'Homyak Advent'
2025-10-15 22:06:11,907 - aiogram.event - INFO - Update id=345279788 is handled. Duration 266 ms by bot id=8409235214
2025-10-15 22:06:13,000 - aiogram.event - INFO - Update id=345279789 is handled. Duration 282 ms by bot id=8409235214
2025-10-15 22:06:13,648 - bot.handlers.premium - ERROR - CryptoBot \u043e\u0448\u0438\u0431\u043a\u0430: cannot import name 'crypto_service' from 'bot.main' (C:\vazjnoe\alt\homyak\bot\main.py)
2025-10-15 22:06:13,781 - aiogram.event - INFO - Update id=345279790 is handled. Duration 141 ms by bot id=8409235214
2025-10-15 22:09:34,376 - aiogram.event - INFO - Update id=345279791 is handled. Duration 141 ms by bot id=8409235214
2025-10-15 22:09:35,459 - aiogram.event - INFO - Update id=345279792 is handled. Duration 125 ms by bot id=8409235214
2025-10-15 22:09:36,106 - bot.handlers.premium - ERROR - CryptoBot \u043e\u0448\u0438\u0431\u043a\u0430: cannot import name 'crypto_service' from 'bot.main' (C:\vazjnoe\alt\homyak\bot\main.py)
2025-10-15 22:09:36,179 - aiogram.event - INFO - Update id=345279793 is handled. Duration 78 ms by bot id=8409235214
2025-10-15 22:12:57,265 - aiogram.dispatcher - INFO - Polling stopped
2025-10-15 22:12:57,526 - aiogram.dispatcher - INFO - Polling stopped for bot @homyakadventbot id=8409235214 - 'Homyak Advent'
2025-10-15 22:13:08,763 - aiosend.client - INFO - Authorized as 'Tender Phoenix App' id=49365 on TESTNET
2025-10-15 22:13:08,764 - __main__ - INFO - CryptoBotService \u0443\u0441\u043f\u0435\u0448\u043d\u043e \u0438\u043d\u0438\u0446\u0438\u0430\u043b\u0438\u0437\u0438\u0440\u043e\u0432\u0430\u043d
2025-10-15 22:13:08,764 - __main__ - INFO - \u0417\u0430\u043f\u0443\u0441\u043a polling \u0434\u043b\u044f \u0431\u043e\u0442\u0430 \u0438 CryptoBotService
2025-10-15 22:13:08,765 - aiogram.dispatcher - INFO - Start polling
2025-10-15 22:13:08,765 - aiosend.polling - INFO - Start polling
2025-10-15 22:13:08,943 - aiogram.dispatcher - INFO - Run polling for bot @homyakadventbot id=8409235214 - 'Homyak Advent'
2025-10-15 22:13:12,774 - aiogram.dispatcher - INFO - Polling stopped
2025-10-15 22:13:12,775 - aiogram.dispatcher - ERROR - Failed to fetch updates - TelegramNetworkError: HTTP Client says - ServerDisconnectedError: Server disconnected
2025-10-15 22:13:12,775 - aiogram.dispatcher - WARNING - Sleep for 1.000000 seconds and try again... (tryings = 0, bot id = 8409235214)
2025-10-15 22:13:12,775 - aiogram.dispatcher - INFO - Polling stopped for bot @homyakadventbot id=8409235214 - 'Homyak Advent'
2025-10-15 22:19:29,948 - aiosend.client - INFO - Authorized as 'Tender Phoenix App' id=49365 on TESTNET
2025-10-15 22:19:29,948 - __main__ - INFO - CryptoBotService \u0443\u0441\u043f\u0435\u0448\u043d\u043e \u0438\u043d\u0438\u0446\u0438\u0430\u043b\u0438\u0437\u0438\u0440\u043e\u0432\u0430\u043d
2025-10-15 22:19:29,948 - __main__ - INFO - \u0417\u0430\u043f\u0443\u0441\u043a polling \u0434\u043b\u044f \u0431\u043e\u0442\u0430 \u0438 CryptoBotService
2025-10-15 22:19:29,948 - aiogram.dispatcher - INFO - Start polling
2025-10-15 22:19:29,948 - aiosend.polling - INFO - Start polling
2025-10-15 22:19:30,154 - aiogram.dispatcher - INFO - Run polling for bot @homyakadventbot id=8409235214 - 'Homyak Advent'
2025-10-15 22:19:30,274 - aiogram.event - INFO - Update id=345279794 is handled. Duration 47 ms by bot id=8409235214
2025-10-15 22:19:30,274 - aiogram.event - INFO - Update id=345279795 is handled. Duration 47 ms by bot id=8409235214
2025-10-15 22:19:30,275 - aiogram.event - INFO - Update id=345279796 is handled. Duration 0 ms by bot id=8409235214
2025-10-15 22:19:34,421 - aiogram.event - INFO - Update id=345279797 is handled. Duration 218 ms by bot id=8409235214
2025-10-15 22:19:40,339 - aiogram.event - INFO - Update id=345279798 is handled. Duration 327 ms by bot id=8409235214
2025-10-15 22:19:42,493 - aiogram.event - INFO - Update id=345279799 is handled. Duration 77 ms by bot id=8409235214
2025-10-15 22:19:43,197 - aiogram.event - INFO - Update id=345279800 is handled. Duration 156 ms by bot id=8409235214
2025-10-15 22:19:43,872 - bot.handlers.premium - ERROR - CryptoBot \u043e\u0448\u0438\u0431\u043a\u0430: CryptoBot \u043d\u0435 \u0438\u043d\u0438\u0446\u0438\u0430\u043b\u0438\u0437\u0438\u0440\u043e\u0432\u0430\u043d
2025-10-15 22:19:43,937 - aiogram.event - INFO - Update id=345279801 is handled. Duration 78 ms by bot id=8409235214
2025-10-15 22:22:32,012 - aiogram.dispatcher - INFO - Polling stopped
2025-10-15 22:22:32,013 - aiogram.dispatcher - ERROR - Failed to fetch updates - TelegramNetworkError: HTTP Client says - ServerDisconnectedError: Server disconnected
2025-10-15 22:22:32,013 - aiogram.dispatcher - WARNING - Sleep for 1.000000 seconds and try again... (tryings = 0, bot id = 8409235214)
2025-10-15 22:22:32,014 - aiogram.dispatcher - INFO - Polling stopped for bot @homyakadventbot id=8409235214 - 'Homyak Advent'
